<?xml version="1.0" encoding="UTF-8"?>
<!-- Generated by org.testng.reporters.JUnitReportReporter -->
<testsuite hostname="shubham-kori" failures="0" tests="2" name="testNG_Program.amazon_Testng" time="3.630" errors="0" timestamp="2024-12-30T22:37:54 IST" skipped="0">
  <testcase classname="testNG_Program.amazon_Testng" name="Mouse_Hover" time="1.291"/>
  <testcase classname="testNG_Program.amazon_Testng" name="Your_Orders" time="2.339"/>
</testsuite> <!-- testNG_Program.amazon_Testng -->
