<?xml version="1.0" encoding="UTF-8"?>
<!-- Generated by org.testng.reporters.JUnitReportReporter -->
<testsuite hostname="shubham-kori" failures="0" tests="2" name="testNG_Program.testNg" time="0.011" errors="0" timestamp="2024-12-30T20:22:48 IST" skipped="1">
  <testcase classname="testNG_Program.testNg" name="Print_Hello" time="0.011"/>
  <testcase classname="testNG_Program.testNg" name="Begin_Page">
    <skipped/>
  </testcase> <!-- Begin_Page -->
</testsuite> <!-- testNG_Program.testNg -->
